<?xml version="1.0" encoding="UTF-8"?>
<testng-results ignored="0" total="1" passed="1" failed="0" skipped="0">
  <reporter-output>
  </reporter-output>
  <suite started-at="2022-08-27T15:24:53Z" name="Default suite" finished-at="2022-08-27T15:24:56Z" duration-ms="2805">
    <groups>
    </groups>
    <test started-at="2022-08-27T15:24:53Z" name="Default test" finished-at="2022-08-27T15:24:56Z" duration-ms="2805">
      <class name="prueba.NewTest">
        <test-method signature="testSel()[pri:0, instance:prueba.NewTest@51c668e3]" started-at="2022-08-27T11:24:53Z" name="testSel" finished-at="2022-08-27T11:24:56Z" duration-ms="2788" status="PASS">
          <reporter-output>
          </reporter-output>
        </test-method> <!-- testSel -->
      </class> <!-- prueba.NewTest -->
    </test> <!-- Default test -->
  </suite> <!-- Default suite -->
</testng-results>
